SF:lib/data/services/json_database_service.dart
DA:24,1
DA:25,2
DA:26,1
DA:35,3
DA:45,1
DA:46,1
DA:49,1
DA:50,2
DA:51,2
DA:52,2
DA:54,2
DA:55,4
DA:56,2
DA:57,4
DA:58,1
DA:59,1
DA:66,1
DA:68,6
DA:69,1
DA:71,0
DA:72,0
DA:73,0
DA:89,1
DA:90,1
DA:93,1
DA:96,1
DA:99,1
DA:100,4
DA:101,1
DA:104,1
DA:105,1
DA:107,1
DA:108,2
DA:124,1
DA:126,3
DA:128,0
DA:131,2
DA:132,3
DA:133,1
DA:134,1
DA:140,0
DA:160,1
DA:161,1
DA:165,1
DA:166,1
DA:170,3
DA:171,0
DA:172,0
DA:176,3
DA:177,0
DA:178,0
DA:182,3
DA:183,0
DA:184,0
DA:187,1
DA:188,0
DA:191,2
DA:192,0
DA:195,1
DA:196,2
DA:198,4
DA:199,1
DA:203,2
DA:208,1
DA:209,1
DA:213,1
DA:214,0
DA:218,4
DA:220,0
DA:223,2
DA:224,2
DA:227,1
DA:228,1
DA:229,1
DA:233,2
DA:234,1
DA:238,1
DA:239,1
DA:240,0
DA:244,2
DA:245,0
DA:248,4
DA:249,1
DA:253,2
DA:258,1
DA:260,5
DA:261,1
DA:264,1
DA:265,0
DA:268,2
DA:269,1
DA:272,6
DA:273,1
DA:274,1
DA:276,1
DA:277,2
DA:290,1
DA:291,1
DA:298,1
DA:299,1
DA:302,2
DA:303,1
DA:305,0
DA:317,0
DA:319,0
DA:321,0
DA:322,0
DA:325,0
DA:326,0
DA:328,0
DA:340,0
DA:342,0
DA:344,0
DA:345,0
DA:348,0
DA:349,0
DA:351,0
DA:367,1
DA:372,1
DA:375,3
DA:376,4
DA:380,1
DA:381,0
DA:385,1
DA:386,1
DA:387,4
DA:389,1
DA:392,0
DA:407,1
DA:409,1
DA:411,3
DA:412,0
DA:415,4
DA:416,2
DA:419,4
DA:420,1
DA:423,2
DA:439,1
DA:444,1
DA:446,3
DA:447,0
DA:450,1
DA:451,4
DA:452,0
DA:455,4
DA:456,1
DA:459,0
DA:475,1
DA:480,1
DA:483,3
DA:484,0
DA:488,4
DA:489,0
DA:492,4
DA:494,0
DA:507,1
DA:511,1
DA:513,3
DA:514,0
DA:517,5
DA:519,0
DA:527,1
DA:528,1
DA:529,4
DA:537,1
DA:538,1
DA:540,4
DA:541,1
LF:168
LH:124
end_of_record
SF:lib/domain/models/user.dart
DA:16,1
DA:26,1
DA:28,1
DA:39,1
DA:40,1
DA:41,1
DA:42,1
DA:43,1
DA:44,1
DA:45,1
DA:46,1
DA:47,1
DA:48,1
DA:52,1
DA:53,1
DA:55,1
DA:56,3
DA:58,3
DA:59,3
DA:60,3
DA:61,3
DA:62,3
DA:63,4
DA:64,4
DA:65,1
DA:66,0
DA:72,1
DA:73,1
DA:74,1
DA:75,1
DA:76,1
DA:77,1
DA:78,1
DA:79,1
DA:80,2
DA:81,2
DA:83,1
DA:84,0
DA:89,0
DA:91,0
DA:93,0
DA:95,0
DA:96,0
DA:97,0
DA:98,0
DA:99,0
DA:100,0
DA:101,0
DA:102,0
DA:103,0
LF:50
LH:36
end_of_record
SF:lib/utils/validate.dart
DA:8,0
DA:9,0
DA:13,0
DA:17,0
DA:29,1
DA:30,1
DA:34,2
DA:38,1
DA:40,1
DA:52,0
DA:53,0
DA:57,0
LF:12
LH:5
end_of_record
SF:lib/domain/enums/enums_base.dart
DA:8,0
DA:9,0
DA:10,0
LF:3
LH:0
end_of_record
